<?xml version="1.0" encoding="UTF-8"?>
<testsuite xmlns:xsi="http://www.w3.org/2001/XMLSchema-instance" xsi:noNamespaceSchemaLocation="https://maven.apache.org/surefire/maven-surefire-plugin/xsd/surefire-test-report-3.0.xsd" version="3.0" name="dev.michaelt95.dispatchkafkaudemy.handler.OrderCreatedHandlerTest" time="0.439" tests="2" errors="0" skipped="0" failures="0">
  <properties>
    <property name="java.specification.version" value="17"/>
    <property name="sun.jnu.encoding" value="UTF-8"/>
    <property name="java.class.path" value="/Users/matorres/Documents/kafka-udemy/dispatch-kafka-udemy/target/test-classes:/Users/matorres/Documents/kafka-udemy/dispatch-kafka-udemy/target/classes:/Users/matorres/.m2/repository/org/springframework/boot/spring-boot-starter/3.2.5/spring-boot-starter-3.2.5.jar:/Users/matorres/.m2/repository/org/springframework/boot/spring-boot/3.2.5/spring-boot-3.2.5.jar:/Users/matorres/.m2/repository/org/springframework/boot/spring-boot-autoconfigure/3.2.5/spring-boot-autoconfigure-3.2.5.jar:/Users/matorres/.m2/repository/org/springframework/boot/spring-boot-starter-logging/3.2.5/spring-boot-starter-logging-3.2.5.jar:/Users/matorres/.m2/repository/ch/qos/logback/logback-classic/1.4.14/logback-classic-1.4.14.jar:/Users/matorres/.m2/repository/org/apache/logging/log4j/log4j-to-slf4j/2.21.1/log4j-to-slf4j-2.21.1.jar:/Users/matorres/.m2/repository/org/apache/logging/log4j/log4j-api/2.21.1/log4j-api-2.21.1.jar:/Users/matorres/.m2/repository/org/slf4j/jul-to-slf4j/2.0.13/jul-to-slf4j-2.0.13.jar:/Users/matorres/.m2/repository/jakarta/annotation/jakarta.annotation-api/2.1.1/jakarta.annotation-api-2.1.1.jar:/Users/matorres/.m2/repository/org/springframework/spring-core/6.1.6/spring-core-6.1.6.jar:/Users/matorres/.m2/repository/org/springframework/spring-jcl/6.1.6/spring-jcl-6.1.6.jar:/Users/matorres/.m2/repository/org/yaml/snakeyaml/2.2/snakeyaml-2.2.jar:/Users/matorres/.m2/repository/org/springframework/kafka/spring-kafka/3.1.4/spring-kafka-3.1.4.jar:/Users/matorres/.m2/repository/org/springframework/spring-context/6.1.6/spring-context-6.1.6.jar:/Users/matorres/.m2/repository/org/springframework/spring-aop/6.1.6/spring-aop-6.1.6.jar:/Users/matorres/.m2/repository/org/springframework/spring-beans/6.1.6/spring-beans-6.1.6.jar:/Users/matorres/.m2/repository/org/springframework/spring-expression/6.1.6/spring-expression-6.1.6.jar:/Users/matorres/.m2/repository/org/springframework/spring-messaging/6.1.6/spring-messaging-6.1.6.jar:/Users/matorres/.m2/repository/org/springframework/spring-tx/6.1.6/spring-tx-6.1.6.jar:/Users/matorres/.m2/repository/org/springframework/retry/spring-retry/2.0.5/spring-retry-2.0.5.jar:/Users/matorres/.m2/repository/org/apache/kafka/kafka-clients/3.6.2/kafka-clients-3.6.2.jar:/Users/matorres/.m2/repository/com/github/luben/zstd-jni/1.5.5-1/zstd-jni-1.5.5-1.jar:/Users/matorres/.m2/repository/org/lz4/lz4-java/1.8.0/lz4-java-1.8.0.jar:/Users/matorres/.m2/repository/org/xerial/snappy/snappy-java/1.1.10.5/snappy-java-1.1.10.5.jar:/Users/matorres/.m2/repository/org/slf4j/slf4j-api/2.0.13/slf4j-api-2.0.13.jar:/Users/matorres/.m2/repository/io/micrometer/micrometer-observation/1.12.5/micrometer-observation-1.12.5.jar:/Users/matorres/.m2/repository/io/micrometer/micrometer-commons/1.12.5/micrometer-commons-1.12.5.jar:/Users/matorres/.m2/repository/com/google/code/findbugs/jsr305/3.0.2/jsr305-3.0.2.jar:/Users/matorres/.m2/repository/com/fasterxml/jackson/core/jackson-databind/2.14.2/jackson-databind-2.14.2.jar:/Users/matorres/.m2/repository/com/fasterxml/jackson/core/jackson-annotations/2.15.4/jackson-annotations-2.15.4.jar:/Users/matorres/.m2/repository/com/fasterxml/jackson/core/jackson-core/2.15.4/jackson-core-2.15.4.jar:/Users/matorres/.m2/repository/org/projectlombok/lombok/1.18.32/lombok-1.18.32.jar:/Users/matorres/.m2/repository/org/springframework/boot/spring-boot-starter-test/3.2.5/spring-boot-starter-test-3.2.5.jar:/Users/matorres/.m2/repository/org/springframework/boot/spring-boot-test/3.2.5/spring-boot-test-3.2.5.jar:/Users/matorres/.m2/repository/org/springframework/boot/spring-boot-test-autoconfigure/3.2.5/spring-boot-test-autoconfigure-3.2.5.jar:/Users/matorres/.m2/repository/com/jayway/jsonpath/json-path/2.9.0/json-path-2.9.0.jar:/Users/matorres/.m2/repository/jakarta/xml/bind/jakarta.xml.bind-api/4.0.2/jakarta.xml.bind-api-4.0.2.jar:/Users/matorres/.m2/repository/jakarta/activation/jakarta.activation-api/2.1.3/jakarta.activation-api-2.1.3.jar:/Users/matorres/.m2/repository/net/minidev/json-smart/2.5.1/json-smart-2.5.1.jar:/Users/matorres/.m2/repository/net/minidev/accessors-smart/2.5.1/accessors-smart-2.5.1.jar:/Users/matorres/.m2/repository/org/ow2/asm/asm/9.6/asm-9.6.jar:/Users/matorres/.m2/repository/org/assertj/assertj-core/3.24.2/assertj-core-3.24.2.jar:/Users/matorres/.m2/repository/net/bytebuddy/byte-buddy/1.14.13/byte-buddy-1.14.13.jar:/Users/matorres/.m2/repository/org/awaitility/awaitility/4.2.1/awaitility-4.2.1.jar:/Users/matorres/.m2/repository/org/hamcrest/hamcrest/2.2/hamcrest-2.2.jar:/Users/matorres/.m2/repository/org/junit/jupiter/junit-jupiter/5.10.2/junit-jupiter-5.10.2.jar:/Users/matorres/.m2/repository/org/junit/jupiter/junit-jupiter-params/5.10.2/junit-jupiter-params-5.10.2.jar:/Users/matorres/.m2/repository/org/junit/jupiter/junit-jupiter-engine/5.10.2/junit-jupiter-engine-5.10.2.jar:/Users/matorres/.m2/repository/org/mockito/mockito-core/5.7.0/mockito-core-5.7.0.jar:/Users/matorres/.m2/repository/net/bytebuddy/byte-buddy-agent/1.14.13/byte-buddy-agent-1.14.13.jar:/Users/matorres/.m2/repository/org/objenesis/objenesis/3.3/objenesis-3.3.jar:/Users/matorres/.m2/repository/org/mockito/mockito-junit-jupiter/5.7.0/mockito-junit-jupiter-5.7.0.jar:/Users/matorres/.m2/repository/org/skyscreamer/jsonassert/1.5.1/jsonassert-1.5.1.jar:/Users/matorres/.m2/repository/com/vaadin/external/google/android-json/0.0.20131108.vaadin1/android-json-0.0.20131108.vaadin1.jar:/Users/matorres/.m2/repository/org/springframework/spring-test/6.1.6/spring-test-6.1.6.jar:/Users/matorres/.m2/repository/org/xmlunit/xmlunit-core/2.9.1/xmlunit-core-2.9.1.jar:/Users/matorres/.m2/repository/org/springframework/kafka/spring-kafka-test/3.1.4/spring-kafka-test-3.1.4.jar:/Users/matorres/.m2/repository/org/apache/zookeeper/zookeeper/3.8.4/zookeeper-3.8.4.jar:/Users/matorres/.m2/repository/org/apache/zookeeper/zookeeper-jute/3.8.4/zookeeper-jute-3.8.4.jar:/Users/matorres/.m2/repository/org/apache/yetus/audience-annotations/0.12.0/audience-annotations-0.12.0.jar:/Users/matorres/.m2/repository/io/netty/netty-handler/4.1.109.Final/netty-handler-4.1.109.Final.jar:/Users/matorres/.m2/repository/io/netty/netty-common/4.1.109.Final/netty-common-4.1.109.Final.jar:/Users/matorres/.m2/repository/io/netty/netty-resolver/4.1.109.Final/netty-resolver-4.1.109.Final.jar:/Users/matorres/.m2/repository/io/netty/netty-buffer/4.1.109.Final/netty-buffer-4.1.109.Final.jar:/Users/matorres/.m2/repository/io/netty/netty-transport/4.1.109.Final/netty-transport-4.1.109.Final.jar:/Users/matorres/.m2/repository/io/netty/netty-transport-native-unix-common/4.1.109.Final/netty-transport-native-unix-common-4.1.109.Final.jar:/Users/matorres/.m2/repository/io/netty/netty-codec/4.1.109.Final/netty-codec-4.1.109.Final.jar:/Users/matorres/.m2/repository/io/netty/netty-transport-native-epoll/4.1.109.Final/netty-transport-native-epoll-4.1.109.Final.jar:/Users/matorres/.m2/repository/io/netty/netty-transport-classes-epoll/4.1.109.Final/netty-transport-classes-epoll-4.1.109.Final.jar:/Users/matorres/.m2/repository/ch/qos/logback/logback-core/1.4.14/logback-core-1.4.14.jar:/Users/matorres/.m2/repository/commons-io/commons-io/2.11.0/commons-io-2.11.0.jar:/Users/matorres/.m2/repository/org/apache/kafka/kafka-clients/3.6.2/kafka-clients-3.6.2-test.jar:/Users/matorres/.m2/repository/org/apache/kafka/kafka-metadata/3.6.2/kafka-metadata-3.6.2.jar:/Users/matorres/.m2/repository/org/apache/kafka/kafka-raft/3.6.2/kafka-raft-3.6.2.jar:/Users/matorres/.m2/repository/com/fasterxml/jackson/datatype/jackson-datatype-jdk8/2.15.4/jackson-datatype-jdk8-2.15.4.jar:/Users/matorres/.m2/repository/com/yammer/metrics/metrics-core/2.2.0/metrics-core-2.2.0.jar:/Users/matorres/.m2/repository/org/apache/kafka/kafka-server-common/3.6.2/kafka-server-common-3.6.2.jar:/Users/matorres/.m2/repository/net/sf/jopt-simple/jopt-simple/5.0.4/jopt-simple-5.0.4.jar:/Users/matorres/.m2/repository/org/pcollections/pcollections/4.0.1/pcollections-4.0.1.jar:/Users/matorres/.m2/repository/org/apache/kafka/kafka-server-common/3.6.2/kafka-server-common-3.6.2-test.jar:/Users/matorres/.m2/repository/org/apache/kafka/kafka-streams-test-utils/3.6.2/kafka-streams-test-utils-3.6.2.jar:/Users/matorres/.m2/repository/org/apache/kafka/kafka-streams/3.6.2/kafka-streams-3.6.2.jar:/Users/matorres/.m2/repository/org/rocksdb/rocksdbjni/7.9.2/rocksdbjni-7.9.2.jar:/Users/matorres/.m2/repository/org/apache/kafka/kafka_2.13/3.6.2/kafka_2.13-3.6.2.jar:/Users/matorres/.m2/repository/org/scala-lang/scala-library/2.13.11/scala-library-2.13.11.jar:/Users/matorres/.m2/repository/org/apache/kafka/kafka-group-coordinator/3.6.2/kafka-group-coordinator-3.6.2.jar:/Users/matorres/.m2/repository/org/apache/kafka/kafka-storage-api/3.6.2/kafka-storage-api-3.6.2.jar:/Users/matorres/.m2/repository/org/apache/kafka/kafka-tools-api/3.6.2/kafka-tools-api-3.6.2.jar:/Users/matorres/.m2/repository/org/apache/kafka/kafka-storage/3.6.2/kafka-storage-3.6.2.jar:/Users/matorres/.m2/repository/com/github/ben-manes/caffeine/caffeine/3.1.8/caffeine-3.1.8.jar:/Users/matorres/.m2/repository/org/checkerframework/checker-qual/3.37.0/checker-qual-3.37.0.jar:/Users/matorres/.m2/repository/com/google/errorprone/error_prone_annotations/2.21.1/error_prone_annotations-2.21.1.jar:/Users/matorres/.m2/repository/net/sourceforge/argparse4j/argparse4j/0.7.0/argparse4j-0.7.0.jar:/Users/matorres/.m2/repository/commons-validator/commons-validator/1.7/commons-validator-1.7.jar:/Users/matorres/.m2/repository/commons-beanutils/commons-beanutils/1.9.4/commons-beanutils-1.9.4.jar:/Users/matorres/.m2/repository/commons-digester/commons-digester/2.1/commons-digester-2.1.jar:/Users/matorres/.m2/repository/commons-collections/commons-collections/3.2.2/commons-collections-3.2.2.jar:/Users/matorres/.m2/repository/com/fasterxml/jackson/module/jackson-module-scala_2.13/2.15.4/jackson-module-scala_2.13-2.15.4.jar:/Users/matorres/.m2/repository/com/thoughtworks/paranamer/paranamer/2.8/paranamer-2.8.jar:/Users/matorres/.m2/repository/com/fasterxml/jackson/dataformat/jackson-dataformat-csv/2.15.4/jackson-dataformat-csv-2.15.4.jar:/Users/matorres/.m2/repository/org/bitbucket/b_c/jose4j/0.9.4/jose4j-0.9.4.jar:/Users/matorres/.m2/repository/org/scala-lang/modules/scala-collection-compat_2.13/2.10.0/scala-collection-compat_2.13-2.10.0.jar:/Users/matorres/.m2/repository/org/scala-lang/modules/scala-java8-compat_2.13/1.0.2/scala-java8-compat_2.13-1.0.2.jar:/Users/matorres/.m2/repository/org/scala-lang/scala-reflect/2.13.11/scala-reflect-2.13.11.jar:/Users/matorres/.m2/repository/com/typesafe/scala-logging/scala-logging_2.13/3.9.4/scala-logging_2.13-3.9.4.jar:/Users/matorres/.m2/repository/io/dropwizard/metrics/metrics-core/4.2.25/metrics-core-4.2.25.jar:/Users/matorres/.m2/repository/commons-cli/commons-cli/1.4/commons-cli-1.4.jar:/Users/matorres/.m2/repository/org/apache/kafka/kafka_2.13/3.6.2/kafka_2.13-3.6.2-test.jar:/Users/matorres/.m2/repository/org/junit/jupiter/junit-jupiter-api/5.10.2/junit-jupiter-api-5.10.2.jar:/Users/matorres/.m2/repository/org/opentest4j/opentest4j/1.3.0/opentest4j-1.3.0.jar:/Users/matorres/.m2/repository/org/junit/platform/junit-platform-commons/1.10.2/junit-platform-commons-1.10.2.jar:/Users/matorres/.m2/repository/org/apiguardian/apiguardian-api/1.1.2/apiguardian-api-1.1.2.jar:/Users/matorres/.m2/repository/org/junit/platform/junit-platform-launcher/1.10.2/junit-platform-launcher-1.10.2.jar:/Users/matorres/.m2/repository/org/junit/platform/junit-platform-engine/1.10.2/junit-platform-engine-1.10.2.jar:"/>
    <property name="java.vm.vendor" value="Amazon.com Inc."/>
    <property name="sun.arch.data.model" value="64"/>
    <property name="java.vendor.url" value="https://aws.amazon.com/corretto/"/>
    <property name="user.timezone" value="Europe/Madrid"/>
    <property name="os.name" value="Mac OS X"/>
    <property name="java.vm.specification.version" value="17"/>
    <property name="sun.java.launcher" value="SUN_STANDARD"/>
    <property name="user.country" value="ES"/>
    <property name="sun.boot.library.path" value="/Users/matorres/Library/Java/JavaVirtualMachines/corretto-17.0.11/Contents/Home/lib"/>
    <property name="sun.java.command" value="/Users/matorres/Documents/kafka-udemy/dispatch-kafka-udemy/target/surefire/surefirebooter-20240429232856784_3.jar /Users/matorres/Documents/kafka-udemy/dispatch-kafka-udemy/target/surefire 2024-04-29T23-28-56_746-jvmRun1 surefire-20240429232856784_1tmp surefire_0-20240429232856784_2tmp"/>
    <property name="jdk.debug" value="release"/>
    <property name="surefire.test.class.path" value="/Users/matorres/Documents/kafka-udemy/dispatch-kafka-udemy/target/test-classes:/Users/matorres/Documents/kafka-udemy/dispatch-kafka-udemy/target/classes:/Users/matorres/.m2/repository/org/springframework/boot/spring-boot-starter/3.2.5/spring-boot-starter-3.2.5.jar:/Users/matorres/.m2/repository/org/springframework/boot/spring-boot/3.2.5/spring-boot-3.2.5.jar:/Users/matorres/.m2/repository/org/springframework/boot/spring-boot-autoconfigure/3.2.5/spring-boot-autoconfigure-3.2.5.jar:/Users/matorres/.m2/repository/org/springframework/boot/spring-boot-starter-logging/3.2.5/spring-boot-starter-logging-3.2.5.jar:/Users/matorres/.m2/repository/ch/qos/logback/logback-classic/1.4.14/logback-classic-1.4.14.jar:/Users/matorres/.m2/repository/org/apache/logging/log4j/log4j-to-slf4j/2.21.1/log4j-to-slf4j-2.21.1.jar:/Users/matorres/.m2/repository/org/apache/logging/log4j/log4j-api/2.21.1/log4j-api-2.21.1.jar:/Users/matorres/.m2/repository/org/slf4j/jul-to-slf4j/2.0.13/jul-to-slf4j-2.0.13.jar:/Users/matorres/.m2/repository/jakarta/annotation/jakarta.annotation-api/2.1.1/jakarta.annotation-api-2.1.1.jar:/Users/matorres/.m2/repository/org/springframework/spring-core/6.1.6/spring-core-6.1.6.jar:/Users/matorres/.m2/repository/org/springframework/spring-jcl/6.1.6/spring-jcl-6.1.6.jar:/Users/matorres/.m2/repository/org/yaml/snakeyaml/2.2/snakeyaml-2.2.jar:/Users/matorres/.m2/repository/org/springframework/kafka/spring-kafka/3.1.4/spring-kafka-3.1.4.jar:/Users/matorres/.m2/repository/org/springframework/spring-context/6.1.6/spring-context-6.1.6.jar:/Users/matorres/.m2/repository/org/springframework/spring-aop/6.1.6/spring-aop-6.1.6.jar:/Users/matorres/.m2/repository/org/springframework/spring-beans/6.1.6/spring-beans-6.1.6.jar:/Users/matorres/.m2/repository/org/springframework/spring-expression/6.1.6/spring-expression-6.1.6.jar:/Users/matorres/.m2/repository/org/springframework/spring-messaging/6.1.6/spring-messaging-6.1.6.jar:/Users/matorres/.m2/repository/org/springframework/spring-tx/6.1.6/spring-tx-6.1.6.jar:/Users/matorres/.m2/repository/org/springframework/retry/spring-retry/2.0.5/spring-retry-2.0.5.jar:/Users/matorres/.m2/repository/org/apache/kafka/kafka-clients/3.6.2/kafka-clients-3.6.2.jar:/Users/matorres/.m2/repository/com/github/luben/zstd-jni/1.5.5-1/zstd-jni-1.5.5-1.jar:/Users/matorres/.m2/repository/org/lz4/lz4-java/1.8.0/lz4-java-1.8.0.jar:/Users/matorres/.m2/repository/org/xerial/snappy/snappy-java/1.1.10.5/snappy-java-1.1.10.5.jar:/Users/matorres/.m2/repository/org/slf4j/slf4j-api/2.0.13/slf4j-api-2.0.13.jar:/Users/matorres/.m2/repository/io/micrometer/micrometer-observation/1.12.5/micrometer-observation-1.12.5.jar:/Users/matorres/.m2/repository/io/micrometer/micrometer-commons/1.12.5/micrometer-commons-1.12.5.jar:/Users/matorres/.m2/repository/com/google/code/findbugs/jsr305/3.0.2/jsr305-3.0.2.jar:/Users/matorres/.m2/repository/com/fasterxml/jackson/core/jackson-databind/2.14.2/jackson-databind-2.14.2.jar:/Users/matorres/.m2/repository/com/fasterxml/jackson/core/jackson-annotations/2.15.4/jackson-annotations-2.15.4.jar:/Users/matorres/.m2/repository/com/fasterxml/jackson/core/jackson-core/2.15.4/jackson-core-2.15.4.jar:/Users/matorres/.m2/repository/org/projectlombok/lombok/1.18.32/lombok-1.18.32.jar:/Users/matorres/.m2/repository/org/springframework/boot/spring-boot-starter-test/3.2.5/spring-boot-starter-test-3.2.5.jar:/Users/matorres/.m2/repository/org/springframework/boot/spring-boot-test/3.2.5/spring-boot-test-3.2.5.jar:/Users/matorres/.m2/repository/org/springframework/boot/spring-boot-test-autoconfigure/3.2.5/spring-boot-test-autoconfigure-3.2.5.jar:/Users/matorres/.m2/repository/com/jayway/jsonpath/json-path/2.9.0/json-path-2.9.0.jar:/Users/matorres/.m2/repository/jakarta/xml/bind/jakarta.xml.bind-api/4.0.2/jakarta.xml.bind-api-4.0.2.jar:/Users/matorres/.m2/repository/jakarta/activation/jakarta.activation-api/2.1.3/jakarta.activation-api-2.1.3.jar:/Users/matorres/.m2/repository/net/minidev/json-smart/2.5.1/json-smart-2.5.1.jar:/Users/matorres/.m2/repository/net/minidev/accessors-smart/2.5.1/accessors-smart-2.5.1.jar:/Users/matorres/.m2/repository/org/ow2/asm/asm/9.6/asm-9.6.jar:/Users/matorres/.m2/repository/org/assertj/assertj-core/3.24.2/assertj-core-3.24.2.jar:/Users/matorres/.m2/repository/net/bytebuddy/byte-buddy/1.14.13/byte-buddy-1.14.13.jar:/Users/matorres/.m2/repository/org/awaitility/awaitility/4.2.1/awaitility-4.2.1.jar:/Users/matorres/.m2/repository/org/hamcrest/hamcrest/2.2/hamcrest-2.2.jar:/Users/matorres/.m2/repository/org/junit/jupiter/junit-jupiter/5.10.2/junit-jupiter-5.10.2.jar:/Users/matorres/.m2/repository/org/junit/jupiter/junit-jupiter-params/5.10.2/junit-jupiter-params-5.10.2.jar:/Users/matorres/.m2/repository/org/junit/jupiter/junit-jupiter-engine/5.10.2/junit-jupiter-engine-5.10.2.jar:/Users/matorres/.m2/repository/org/mockito/mockito-core/5.7.0/mockito-core-5.7.0.jar:/Users/matorres/.m2/repository/net/bytebuddy/byte-buddy-agent/1.14.13/byte-buddy-agent-1.14.13.jar:/Users/matorres/.m2/repository/org/objenesis/objenesis/3.3/objenesis-3.3.jar:/Users/matorres/.m2/repository/org/mockito/mockito-junit-jupiter/5.7.0/mockito-junit-jupiter-5.7.0.jar:/Users/matorres/.m2/repository/org/skyscreamer/jsonassert/1.5.1/jsonassert-1.5.1.jar:/Users/matorres/.m2/repository/com/vaadin/external/google/android-json/0.0.20131108.vaadin1/android-json-0.0.20131108.vaadin1.jar:/Users/matorres/.m2/repository/org/springframework/spring-test/6.1.6/spring-test-6.1.6.jar:/Users/matorres/.m2/repository/org/xmlunit/xmlunit-core/2.9.1/xmlunit-core-2.9.1.jar:/Users/matorres/.m2/repository/org/springframework/kafka/spring-kafka-test/3.1.4/spring-kafka-test-3.1.4.jar:/Users/matorres/.m2/repository/org/apache/zookeeper/zookeeper/3.8.4/zookeeper-3.8.4.jar:/Users/matorres/.m2/repository/org/apache/zookeeper/zookeeper-jute/3.8.4/zookeeper-jute-3.8.4.jar:/Users/matorres/.m2/repository/org/apache/yetus/audience-annotations/0.12.0/audience-annotations-0.12.0.jar:/Users/matorres/.m2/repository/io/netty/netty-handler/4.1.109.Final/netty-handler-4.1.109.Final.jar:/Users/matorres/.m2/repository/io/netty/netty-common/4.1.109.Final/netty-common-4.1.109.Final.jar:/Users/matorres/.m2/repository/io/netty/netty-resolver/4.1.109.Final/netty-resolver-4.1.109.Final.jar:/Users/matorres/.m2/repository/io/netty/netty-buffer/4.1.109.Final/netty-buffer-4.1.109.Final.jar:/Users/matorres/.m2/repository/io/netty/netty-transport/4.1.109.Final/netty-transport-4.1.109.Final.jar:/Users/matorres/.m2/repository/io/netty/netty-transport-native-unix-common/4.1.109.Final/netty-transport-native-unix-common-4.1.109.Final.jar:/Users/matorres/.m2/repository/io/netty/netty-codec/4.1.109.Final/netty-codec-4.1.109.Final.jar:/Users/matorres/.m2/repository/io/netty/netty-transport-native-epoll/4.1.109.Final/netty-transport-native-epoll-4.1.109.Final.jar:/Users/matorres/.m2/repository/io/netty/netty-transport-classes-epoll/4.1.109.Final/netty-transport-classes-epoll-4.1.109.Final.jar:/Users/matorres/.m2/repository/ch/qos/logback/logback-core/1.4.14/logback-core-1.4.14.jar:/Users/matorres/.m2/repository/commons-io/commons-io/2.11.0/commons-io-2.11.0.jar:/Users/matorres/.m2/repository/org/apache/kafka/kafka-clients/3.6.2/kafka-clients-3.6.2-test.jar:/Users/matorres/.m2/repository/org/apache/kafka/kafka-metadata/3.6.2/kafka-metadata-3.6.2.jar:/Users/matorres/.m2/repository/org/apache/kafka/kafka-raft/3.6.2/kafka-raft-3.6.2.jar:/Users/matorres/.m2/repository/com/fasterxml/jackson/datatype/jackson-datatype-jdk8/2.15.4/jackson-datatype-jdk8-2.15.4.jar:/Users/matorres/.m2/repository/com/yammer/metrics/metrics-core/2.2.0/metrics-core-2.2.0.jar:/Users/matorres/.m2/repository/org/apache/kafka/kafka-server-common/3.6.2/kafka-server-common-3.6.2.jar:/Users/matorres/.m2/repository/net/sf/jopt-simple/jopt-simple/5.0.4/jopt-simple-5.0.4.jar:/Users/matorres/.m2/repository/org/pcollections/pcollections/4.0.1/pcollections-4.0.1.jar:/Users/matorres/.m2/repository/org/apache/kafka/kafka-server-common/3.6.2/kafka-server-common-3.6.2-test.jar:/Users/matorres/.m2/repository/org/apache/kafka/kafka-streams-test-utils/3.6.2/kafka-streams-test-utils-3.6.2.jar:/Users/matorres/.m2/repository/org/apache/kafka/kafka-streams/3.6.2/kafka-streams-3.6.2.jar:/Users/matorres/.m2/repository/org/rocksdb/rocksdbjni/7.9.2/rocksdbjni-7.9.2.jar:/Users/matorres/.m2/repository/org/apache/kafka/kafka_2.13/3.6.2/kafka_2.13-3.6.2.jar:/Users/matorres/.m2/repository/org/scala-lang/scala-library/2.13.11/scala-library-2.13.11.jar:/Users/matorres/.m2/repository/org/apache/kafka/kafka-group-coordinator/3.6.2/kafka-group-coordinator-3.6.2.jar:/Users/matorres/.m2/repository/org/apache/kafka/kafka-storage-api/3.6.2/kafka-storage-api-3.6.2.jar:/Users/matorres/.m2/repository/org/apache/kafka/kafka-tools-api/3.6.2/kafka-tools-api-3.6.2.jar:/Users/matorres/.m2/repository/org/apache/kafka/kafka-storage/3.6.2/kafka-storage-3.6.2.jar:/Users/matorres/.m2/repository/com/github/ben-manes/caffeine/caffeine/3.1.8/caffeine-3.1.8.jar:/Users/matorres/.m2/repository/org/checkerframework/checker-qual/3.37.0/checker-qual-3.37.0.jar:/Users/matorres/.m2/repository/com/google/errorprone/error_prone_annotations/2.21.1/error_prone_annotations-2.21.1.jar:/Users/matorres/.m2/repository/net/sourceforge/argparse4j/argparse4j/0.7.0/argparse4j-0.7.0.jar:/Users/matorres/.m2/repository/commons-validator/commons-validator/1.7/commons-validator-1.7.jar:/Users/matorres/.m2/repository/commons-beanutils/commons-beanutils/1.9.4/commons-beanutils-1.9.4.jar:/Users/matorres/.m2/repository/commons-digester/commons-digester/2.1/commons-digester-2.1.jar:/Users/matorres/.m2/repository/commons-collections/commons-collections/3.2.2/commons-collections-3.2.2.jar:/Users/matorres/.m2/repository/com/fasterxml/jackson/module/jackson-module-scala_2.13/2.15.4/jackson-module-scala_2.13-2.15.4.jar:/Users/matorres/.m2/repository/com/thoughtworks/paranamer/paranamer/2.8/paranamer-2.8.jar:/Users/matorres/.m2/repository/com/fasterxml/jackson/dataformat/jackson-dataformat-csv/2.15.4/jackson-dataformat-csv-2.15.4.jar:/Users/matorres/.m2/repository/org/bitbucket/b_c/jose4j/0.9.4/jose4j-0.9.4.jar:/Users/matorres/.m2/repository/org/scala-lang/modules/scala-collection-compat_2.13/2.10.0/scala-collection-compat_2.13-2.10.0.jar:/Users/matorres/.m2/repository/org/scala-lang/modules/scala-java8-compat_2.13/1.0.2/scala-java8-compat_2.13-1.0.2.jar:/Users/matorres/.m2/repository/org/scala-lang/scala-reflect/2.13.11/scala-reflect-2.13.11.jar:/Users/matorres/.m2/repository/com/typesafe/scala-logging/scala-logging_2.13/3.9.4/scala-logging_2.13-3.9.4.jar:/Users/matorres/.m2/repository/io/dropwizard/metrics/metrics-core/4.2.25/metrics-core-4.2.25.jar:/Users/matorres/.m2/repository/commons-cli/commons-cli/1.4/commons-cli-1.4.jar:/Users/matorres/.m2/repository/org/apache/kafka/kafka_2.13/3.6.2/kafka_2.13-3.6.2-test.jar:/Users/matorres/.m2/repository/org/junit/jupiter/junit-jupiter-api/5.10.2/junit-jupiter-api-5.10.2.jar:/Users/matorres/.m2/repository/org/opentest4j/opentest4j/1.3.0/opentest4j-1.3.0.jar:/Users/matorres/.m2/repository/org/junit/platform/junit-platform-commons/1.10.2/junit-platform-commons-1.10.2.jar:/Users/matorres/.m2/repository/org/apiguardian/apiguardian-api/1.1.2/apiguardian-api-1.1.2.jar:/Users/matorres/.m2/repository/org/junit/platform/junit-platform-launcher/1.10.2/junit-platform-launcher-1.10.2.jar:/Users/matorres/.m2/repository/org/junit/platform/junit-platform-engine/1.10.2/junit-platform-engine-1.10.2.jar:"/>
    <property name="sun.cpu.endian" value="little"/>
    <property name="user.home" value="/Users/matorres"/>
    <property name="user.language" value="es"/>
    <property name="java.specification.vendor" value="Oracle Corporation"/>
    <property name="java.version.date" value="2024-04-16"/>
    <property name="java.home" value="/Users/matorres/Library/Java/JavaVirtualMachines/corretto-17.0.11/Contents/Home"/>
    <property name="file.separator" value="/"/>
    <property name="basedir" value="/Users/matorres/Documents/kafka-udemy/dispatch-kafka-udemy"/>
    <property name="java.vm.compressedOopsMode" value="Zero based"/>
    <property name="line.separator" value="&#10;"/>
    <property name="java.vm.specification.vendor" value="Oracle Corporation"/>
    <property name="java.specification.name" value="Java Platform API Specification"/>
    <property name="surefire.real.class.path" value="/Users/matorres/Documents/kafka-udemy/dispatch-kafka-udemy/target/surefire/surefirebooter-20240429232856784_3.jar"/>
    <property name="sun.management.compiler" value="HotSpot 64-Bit Tiered Compilers"/>
    <property name="java.runtime.version" value="17.0.11+9-LTS"/>
    <property name="user.name" value="matorres"/>
    <property name="path.separator" value=":"/>
    <property name="os.version" value="14.4.1"/>
    <property name="java.runtime.name" value="OpenJDK Runtime Environment"/>
    <property name="file.encoding" value="UTF-8"/>
    <property name="java.vm.name" value="OpenJDK 64-Bit Server VM"/>
    <property name="java.vendor.version" value="Corretto-17.0.11.9.1"/>
    <property name="localRepository" value="/Users/matorres/.m2/repository"/>
    <property name="java.vendor.url.bug" value="https://github.com/corretto/corretto-17/issues/"/>
    <property name="java.io.tmpdir" value="/var/folders/bx/2f9q39ss0jx5_rcp6ptw4vrr0000z_/T/"/>
    <property name="idea.version" value="2024.1"/>
    <property name="java.version" value="17.0.11"/>
    <property name="user.dir" value="/Users/matorres/Documents/kafka-udemy/dispatch-kafka-udemy"/>
    <property name="os.arch" value="aarch64"/>
    <property name="java.vm.specification.name" value="Java Virtual Machine Specification"/>
    <property name="native.encoding" value="UTF-8"/>
    <property name="java.library.path" value="/Users/matorres/Library/Java/Extensions:/Library/Java/Extensions:/Network/Library/Java/Extensions:/System/Library/Java/Extensions:/usr/lib/java:."/>
    <property name="java.vm.info" value="mixed mode, sharing"/>
    <property name="java.vendor" value="Amazon.com Inc."/>
    <property name="java.vm.version" value="17.0.11+9-LTS"/>
    <property name="sun.io.unicode.encoding" value="UnicodeBig"/>
    <property name="java.class.version" value="61.0"/>
  </properties>
  <testcase name="listen_Success" classname="dev.michaelt95.dispatchkafkaudemy.handler.OrderCreatedHandlerTest" time="0.42">
    <system-out><![CDATA[23:28:57.472 [main] INFO dev.michaelt95.dispatchkafkaudemy.handler.OrderCreatedHandler -- Received message payload: OrderCreated(orderId=b028269c-d396-452f-b4ae-ee7707a4d493, item=17362f05-2a85-49fb-bb66-0c580a692fb7)
]]></system-out>
  </testcase>
  <testcase name="listen_ServiceThrowsException" classname="dev.michaelt95.dispatchkafkaudemy.handler.OrderCreatedHandlerTest" time="0.007">
    <system-out><![CDATA[23:28:57.506 [main] INFO dev.michaelt95.dispatchkafkaudemy.handler.OrderCreatedHandler -- Received message payload: OrderCreated(orderId=90c1e84e-9409-401c-a111-92c7688627ed, item=4ef33dcb-b7dc-4c58-8374-63ba4da28fea)
23:28:57.507 [main] ERROR dev.michaelt95.dispatchkafkaudemy.handler.OrderCreatedHandler -- Error processing payload: OrderCreated(orderId=90c1e84e-9409-401c-a111-92c7688627ed, item=4ef33dcb-b7dc-4c58-8374-63ba4da28fea)
java.lang.RuntimeException: Service failure
	at dev.michaelt95.dispatchkafkaudemy.service.DispatchService.process(DispatchService.java:18)
	at dev.michaelt95.dispatchkafkaudemy.handler.OrderCreatedHandler.listen(OrderCreatedHandler.java:27)
	at dev.michaelt95.dispatchkafkaudemy.handler.OrderCreatedHandlerTest.listen_ServiceThrowsException(OrderCreatedHandlerTest.java:40)
	at java.base/jdk.internal.reflect.NativeMethodAccessorImpl.invoke0(Native Method)
	at java.base/jdk.internal.reflect.NativeMethodAccessorImpl.invoke(NativeMethodAccessorImpl.java:77)
	at java.base/jdk.internal.reflect.DelegatingMethodAccessorImpl.invoke(DelegatingMethodAccessorImpl.java:43)
	at java.base/java.lang.reflect.Method.invoke(Method.java:568)
	at org.junit.platform.commons.util.ReflectionUtils.invokeMethod(ReflectionUtils.java:728)
	at org.junit.jupiter.engine.execution.MethodInvocation.proceed(MethodInvocation.java:60)
	at org.junit.jupiter.engine.execution.InvocationInterceptorChain$ValidatingInvocation.proceed(InvocationInterceptorChain.java:131)
	at org.junit.jupiter.engine.extension.TimeoutExtension.intercept(TimeoutExtension.java:156)
	at org.junit.jupiter.engine.extension.TimeoutExtension.interceptTestableMethod(TimeoutExtension.java:147)
	at org.junit.jupiter.engine.extension.TimeoutExtension.interceptTestMethod(TimeoutExtension.java:86)
	at org.junit.jupiter.engine.execution.InterceptingExecutableInvoker$ReflectiveInterceptorCall.lambda$ofVoidMethod$0(InterceptingExecutableInvoker.java:103)
	at org.junit.jupiter.engine.execution.InterceptingExecutableInvoker.lambda$invoke$0(InterceptingExecutableInvoker.java:93)
	at org.junit.jupiter.engine.execution.InvocationInterceptorChain$InterceptedInvocation.proceed(InvocationInterceptorChain.java:106)
	at org.junit.jupiter.engine.execution.InvocationInterceptorChain.proceed(InvocationInterceptorChain.java:64)
	at org.junit.jupiter.engine.execution.InvocationInterceptorChain.chainAndInvoke(InvocationInterceptorChain.java:45)
	at org.junit.jupiter.engine.execution.InvocationInterceptorChain.invoke(InvocationInterceptorChain.java:37)
	at org.junit.jupiter.engine.execution.InterceptingExecutableInvoker.invoke(InterceptingExecutableInvoker.java:92)
	at org.junit.jupiter.engine.execution.InterceptingExecutableInvoker.invoke(InterceptingExecutableInvoker.java:86)
	at org.junit.jupiter.engine.descriptor.TestMethodTestDescriptor.lambda$invokeTestMethod$7(TestMethodTestDescriptor.java:218)
	at org.junit.platform.engine.support.hierarchical.ThrowableCollector.execute(ThrowableCollector.java:73)
	at org.junit.jupiter.engine.descriptor.TestMethodTestDescriptor.invokeTestMethod(TestMethodTestDescriptor.java:214)
	at org.junit.jupiter.engine.descriptor.TestMethodTestDescriptor.execute(TestMethodTestDescriptor.java:139)
	at org.junit.jupiter.engine.descriptor.TestMethodTestDescriptor.execute(TestMethodTestDescriptor.java:69)
	at org.junit.platform.engine.support.hierarchical.NodeTestTask.lambda$executeRecursively$6(NodeTestTask.java:151)
	at org.junit.platform.engine.support.hierarchical.ThrowableCollector.execute(ThrowableCollector.java:73)
	at org.junit.platform.engine.support.hierarchical.NodeTestTask.lambda$executeRecursively$8(NodeTestTask.java:141)
	at org.junit.platform.engine.support.hierarchical.Node.around(Node.java:137)
	at org.junit.platform.engine.support.hierarchical.NodeTestTask.lambda$executeRecursively$9(NodeTestTask.java:139)
	at org.junit.platform.engine.support.hierarchical.ThrowableCollector.execute(ThrowableCollector.java:73)
	at org.junit.platform.engine.support.hierarchical.NodeTestTask.executeRecursively(NodeTestTask.java:138)
	at org.junit.platform.engine.support.hierarchical.NodeTestTask.execute(NodeTestTask.java:95)
	at java.base/java.util.ArrayList.forEach(ArrayList.java:1511)
	at org.junit.platform.engine.support.hierarchical.SameThreadHierarchicalTestExecutorService.invokeAll(SameThreadHierarchicalTestExecutorService.java:41)
	at org.junit.platform.engine.support.hierarchical.NodeTestTask.lambda$executeRecursively$6(NodeTestTask.java:155)
	at org.junit.platform.engine.support.hierarchical.ThrowableCollector.execute(ThrowableCollector.java:73)
	at org.junit.platform.engine.support.hierarchical.NodeTestTask.lambda$executeRecursively$8(NodeTestTask.java:141)
	at org.junit.platform.engine.support.hierarchical.Node.around(Node.java:137)
	at org.junit.platform.engine.support.hierarchical.NodeTestTask.lambda$executeRecursively$9(NodeTestTask.java:139)
	at org.junit.platform.engine.support.hierarchical.ThrowableCollector.execute(ThrowableCollector.java:73)
	at org.junit.platform.engine.support.hierarchical.NodeTestTask.executeRecursively(NodeTestTask.java:138)
	at org.junit.platform.engine.support.hierarchical.NodeTestTask.execute(NodeTestTask.java:95)
	at java.base/java.util.ArrayList.forEach(ArrayList.java:1511)
	at org.junit.platform.engine.support.hierarchical.SameThreadHierarchicalTestExecutorService.invokeAll(SameThreadHierarchicalTestExecutorService.java:41)
	at org.junit.platform.engine.support.hierarchical.NodeTestTask.lambda$executeRecursively$6(NodeTestTask.java:155)
	at org.junit.platform.engine.support.hierarchical.ThrowableCollector.execute(ThrowableCollector.java:73)
	at org.junit.platform.engine.support.hierarchical.NodeTestTask.lambda$executeRecursively$8(NodeTestTask.java:141)
	at org.junit.platform.engine.support.hierarchical.Node.around(Node.java:137)
	at org.junit.platform.engine.support.hierarchical.NodeTestTask.lambda$executeRecursively$9(NodeTestTask.java:139)
	at org.junit.platform.engine.support.hierarchical.ThrowableCollector.execute(ThrowableCollector.java:73)
	at org.junit.platform.engine.support.hierarchical.NodeTestTask.executeRecursively(NodeTestTask.java:138)
	at org.junit.platform.engine.support.hierarchical.NodeTestTask.execute(NodeTestTask.java:95)
	at org.junit.platform.engine.support.hierarchical.SameThreadHierarchicalTestExecutorService.submit(SameThreadHierarchicalTestExecutorService.java:35)
	at org.junit.platform.engine.support.hierarchical.HierarchicalTestExecutor.execute(HierarchicalTestExecutor.java:57)
	at org.junit.platform.engine.support.hierarchical.HierarchicalTestEngine.execute(HierarchicalTestEngine.java:54)
	at org.junit.platform.launcher.core.EngineExecutionOrchestrator.execute(EngineExecutionOrchestrator.java:198)
	at org.junit.platform.launcher.core.EngineExecutionOrchestrator.execute(EngineExecutionOrchestrator.java:169)
	at org.junit.platform.launcher.core.EngineExecutionOrchestrator.execute(EngineExecutionOrchestrator.java:93)
	at org.junit.platform.launcher.core.EngineExecutionOrchestrator.lambda$execute$0(EngineExecutionOrchestrator.java:58)
	at org.junit.platform.launcher.core.EngineExecutionOrchestrator.withInterceptedStreams(EngineExecutionOrchestrator.java:141)
	at org.junit.platform.launcher.core.EngineExecutionOrchestrator.execute(EngineExecutionOrchestrator.java:57)
	at org.junit.platform.launcher.core.DefaultLauncher.execute(DefaultLauncher.java:103)
	at org.junit.platform.launcher.core.DefaultLauncher.execute(DefaultLauncher.java:85)
	at org.junit.platform.launcher.core.DelegatingLauncher.execute(DelegatingLauncher.java:47)
	at org.apache.maven.surefire.junitplatform.LazyLauncher.execute(LazyLauncher.java:56)
	at org.apache.maven.surefire.junitplatform.JUnitPlatformProvider.execute(JUnitPlatformProvider.java:184)
	at org.apache.maven.surefire.junitplatform.JUnitPlatformProvider.invokeAllTests(JUnitPlatformProvider.java:148)
	at org.apache.maven.surefire.junitplatform.JUnitPlatformProvider.invoke(JUnitPlatformProvider.java:122)
	at org.apache.maven.surefire.booter.ForkedBooter.runSuitesInProcess(ForkedBooter.java:385)
	at org.apache.maven.surefire.booter.ForkedBooter.execute(ForkedBooter.java:162)
	at org.apache.maven.surefire.booter.ForkedBooter.run(ForkedBooter.java:507)
	at org.apache.maven.surefire.booter.ForkedBooter.main(ForkedBooter.java:495)
]]></system-out>
  </testcase>
</testsuite>